<?xml version="1.0" encoding="UTF-8" ?>
<testsuite tests="13" failures="0" name="ru.fizteh.fivt.students.annasavinova.filemap.DataBaseProviderTest" time="0.061" errors="0" skipped="0">
  <properties>
    <property name="idea.version" value="13.1.5"/>
    <property name="java.runtime.name" value="Java(TM) SE Runtime Environment"/>
    <property name="sun.boot.library.path" value="/usr/lib/jvm/jdk1.8.0_20/jre/lib/amd64"/>
    <property name="java.vm.version" value="25.20-b23"/>
    <property name="java.vm.vendor" value="Oracle Corporation"/>
    <property name="java.vendor.url" value="http://java.oracle.com/"/>
    <property name="path.separator" value=":"/>
    <property name="guice.disable.misplaced.annotation.check" value="true"/>
    <property name="java.vm.name" value="Java HotSpot(TM) 64-Bit Server VM"/>
    <property name="file.encoding.pkg" value="sun.io"/>
    <property name="idea.launcher.port" value="7538"/>
    <property name="user.country" value="RU"/>
    <property name="sun.java.launcher" value="SUN_STANDARD"/>
    <property name="sun.os.patch.level" value="unknown"/>
    <property name="java.vm.specification.name" value="Java Virtual Machine Specification"/>
    <property name="user.dir" value="/home/anny/Yandex.Disk/MyDocuments/Физтех/5 семестр/Java/java_my/Java2/base-module"/>
    <property name="java.runtime.version" value="1.8.0_20-b26"/>
    <property name="java.awt.graphicsenv" value="sun.awt.X11GraphicsEnvironment"/>
    <property name="java.endorsed.dirs" value="/usr/lib/jvm/jdk1.8.0_20/jre/lib/endorsed"/>
    <property name="os.arch" value="amd64"/>
    <property name="java.io.tmpdir" value="/tmp"/>
    <property name="line.separator" value="
"/>
    <property name="java.vm.specification.vendor" value="Oracle Corporation"/>
    <property name="os.name" value="Linux"/>
    <property name="classworlds.conf" value="/usr/share/maven/bin/m2.conf"/>
    <property name="sun.jnu.encoding" value="UTF-8"/>
    <property name="java.library.path" value="/home/anny/Yandex.Disk/MyDocuments/Физтех/5 семестр/Java/idea-IU-135.1230/bin::/usr/java/packages/lib/amd64:/usr/lib64:/lib64:/lib:/usr/lib"/>
    <property name="java.specification.name" value="Java Platform API Specification"/>
    <property name="java.class.version" value="52.0"/>
    <property name="sun.management.compiler" value="HotSpot 64-Bit Tiered Compilers"/>
    <property name="os.version" value="3.13.0-36-generic"/>
    <property name="user.home" value="/home/anny"/>
    <property name="user.timezone" value="Europe/Moscow"/>
    <property name="java.awt.printerjob" value="sun.print.PSPrinterJob"/>
    <property name="java.specification.version" value="1.8"/>
    <property name="idea.launcher.bin.path" value="/home/anny/Yandex.Disk/MyDocuments/Физтех/5 семестр/Java/idea-IU-135.1230/bin"/>
    <property name="file.encoding" value="UTF-8"/>
    <property name="user.name" value="anny"/>
    <property name="java.class.path" value="/usr/share/maven/boot/plexus-classworlds-2.x.jar:/home/anny/Yandex.Disk/MyDocuments/Физтех/5 семестр/Java/idea-IU-135.1230/lib/idea_rt.jar"/>
    <property name="java.vm.specification.version" value="1.8"/>
    <property name="sun.arch.data.model" value="64"/>
    <property name="java.home" value="/usr/lib/jvm/jdk1.8.0_20/jre"/>
    <property name="sun.java.command" value="com.intellij.rt.execution.application.AppMain org.codehaus.classworlds.Launcher -Didea.version=13.1.5 deploy"/>
    <property name="java.specification.vendor" value="Oracle Corporation"/>
    <property name="user.language" value="ru"/>
    <property name="awt.toolkit" value="sun.awt.X11.XToolkit"/>
    <property name="java.vm.info" value="mixed mode"/>
    <property name="java.version" value="1.8.0_20"/>
    <property name="java.ext.dirs" value="/usr/lib/jvm/jdk1.8.0_20/jre/lib/ext:/usr/java/packages/lib/ext"/>
    <property name="securerandom.source" value="file:/dev/./urandom"/>
    <property name="sun.boot.class.path" value="/usr/lib/jvm/jdk1.8.0_20/jre/lib/resources.jar:/usr/lib/jvm/jdk1.8.0_20/jre/lib/rt.jar:/usr/lib/jvm/jdk1.8.0_20/jre/lib/sunrsasign.jar:/usr/lib/jvm/jdk1.8.0_20/jre/lib/jsse.jar:/usr/lib/jvm/jdk1.8.0_20/jre/lib/jce.jar:/usr/lib/jvm/jdk1.8.0_20/jre/lib/charsets.jar:/usr/lib/jvm/jdk1.8.0_20/jre/lib/jfr.jar:/usr/lib/jvm/jdk1.8.0_20/jre/classes"/>
    <property name="java.vendor" value="Oracle Corporation"/>
    <property name="maven.home" value="/usr/share/maven"/>
    <property name="file.separator" value="/"/>
    <property name="java.vendor.url.bug" value="http://bugreport.sun.com/bugreport/"/>
    <property name="sun.cpu.endian" value="little"/>
    <property name="sun.io.unicode.encoding" value="UnicodeLittle"/>
    <property name="sun.desktop" value="gnome"/>
    <property name="sun.cpu.isalist" value=""/>
  </properties>
  <testcase classname="ru.fizteh.fivt.students.annasavinova.filemap.DataBaseProviderTest" name="testGetTable" time="0.011"/>
  <testcase classname="ru.fizteh.fivt.students.annasavinova.filemap.DataBaseProviderTest" name="testRemoveTableEmpty" time="0"/>
  <testcase classname="ru.fizteh.fivt.students.annasavinova.filemap.DataBaseProviderTest" name="testCheckTableName" time="0"/>
  <testcase classname="ru.fizteh.fivt.students.annasavinova.filemap.DataBaseProviderTest" name="testCreateTable" time="0"/>
  <testcase classname="ru.fizteh.fivt.students.annasavinova.filemap.DataBaseProviderTest" name="testGetTableNull" time="0.002"/>
  <testcase classname="ru.fizteh.fivt.students.annasavinova.filemap.DataBaseProviderTest" name="testRemoveTable" time="0.003"/>
  <testcase classname="ru.fizteh.fivt.students.annasavinova.filemap.DataBaseProviderTest" name="testCreateTableEmpty" time="0.021"/>
  <testcase classname="ru.fizteh.fivt.students.annasavinova.filemap.DataBaseProviderTest" name="testRemoveTableNull" time="0.002"/>
  <testcase classname="ru.fizteh.fivt.students.annasavinova.filemap.DataBaseProviderTest" name="testGetTableEmpty" time="0.002"/>
  <testcase classname="ru.fizteh.fivt.students.annasavinova.filemap.DataBaseProviderTest" name="testCreateTableNull" time="0.002"/>
  <testcase classname="ru.fizteh.fivt.students.annasavinova.filemap.DataBaseProviderTest" name="testClose1" time="0.002"/>
  <testcase classname="ru.fizteh.fivt.students.annasavinova.filemap.DataBaseProviderTest" name="testClose2" time="0.003"/>
  <testcase classname="ru.fizteh.fivt.students.annasavinova.filemap.DataBaseProviderTest" name="testRemoveTableNotExists" time="0.002"/>
</testsuite>